This is XeTeX, Version 3.14159265-2.6-0.99998 (TeX Live 2017) (preloaded format=xelatex 2017.9.1)  10 SEP 2017 16:52
entering extended mode
 restricted \write18 enabled.
 file:line:error style messages enabled.
 %&-line parsing enabled.
**简历·.tex
(./简历·.tex
LaTeX2e <2017-04-15>
Babel <3.10> and hyphenation patterns for 84 language(s) loaded.

! LaTeX Error: File `resume.cls' not found.

Type X to quit or <RETURN> to proceed,
or enter new name. (Default extension: cls)

Enter file name: 
./简历·.tex:6: Emergency stop.
<read *> 
         
l.6 \usepackage
               {zh_CN-Adobefonts_external} % Simplified Chinese Support usin...
End of file on the terminal!

 
Here is how much of TeX's memory you used:
 9 strings out of 493005
 79 string characters out of 6134597
 61634 words of memory out of 5000000
 4080 multiletter control sequences out of 15000+600000
 3640 words of font info for 14 fonts, out of 8000000 for 9000
 1348 hyphenation exceptions out of 8191
 10i,0n,7p,137b,8s stack positions out of 5000i,500n,10000p,200000b,80000s
No pages of output.
